<?xml version="1.0" encoding="UTF-8"?>
<testsuite name="com.tdd.tdd.AutoLottoTest" tests="1" skipped="0" failures="0" errors="0" timestamp="2024-02-25T12:59:45" hostname="gimdoheon-ui-Macmini.local" time="0.033">
  <properties/>
  <testcase name="generateLotto()" classname="com.tdd.tdd.AutoLottoTest" time="0.033"/>
  <system-out><![CDATA[구매금액을 입력해주세요.
14개를 구매했습니다.
[39, 37, 18, 22, 21, 34]
[2, 24, 18, 15, 28, 14]
[8, 31, 20, 3, 32, 33]
[20, 8, 40, 26, 30, 25]
[14, 19, 18, 5, 34, 39]
[27, 45, 13, 42, 17, 33]
[37, 45, 7, 2, 9, 6]
[35, 6, 4, 5, 20, 42]
[10, 21, 3, 22, 18, 4]
[45, 33, 37, 9, 20, 5]
[45, 35, 44, 15, 25, 1]
[35, 38, 41, 36, 45, 3]
[32, 44, 40, 30, 20, 13]
[40, 42, 36, 25, 11, 3]

지난 주 당첨 번호를 입력해주세요.
3개 일치 (5000원)- 1개
4개 일치 (10000원)- 0개
5개 일치 (15000원)- 0개
6개 일치 (20000원)- 0개
buyCount = 14000
totalResult = 5000
총 수익률은 0.36입니다.
]]></system-out>
  <system-err><![CDATA[]]></system-err>
</testsuite>
