<?xml version="1.0" encoding="UTF-8"?>
<testsuite name="com.tdd.tdd.AutoLottoTest" tests="1" skipped="0" failures="0" errors="0" timestamp="2024-02-25T12:13:45" hostname="gimdoheon-ui-Macmini.local" time="0.031">
  <properties/>
  <testcase name="generateLotto()" classname="com.tdd.tdd.AutoLottoTest" time="0.031"/>
  <system-out><![CDATA[구매금액을 입력해주세요.
14개를 구매했습니다.
[35, 41, 7, 28, 45, 1]
[24, 42, 44, 1, 41, 35]
[41, 24, 45, 18, 39, 13]
[27, 45, 2, 9, 24, 29]
[40, 44, 28, 13, 12, 11]
[37, 19, 8, 25, 39, 23]
[28, 42, 37, 14, 31, 5]
[34, 4, 24, 16, 13, 40]
[22, 14, 18, 35, 45, 36]
[8, 5, 24, 9, 33, 42]
[26, 16, 41, 44, 33, 38]
[13, 22, 19, 36, 30, 27]
[36, 6, 40, 13, 32, 12]
[20, 19, 4, 16, 2, 15]
]]></system-out>
  <system-err><![CDATA[]]></system-err>
</testsuite>
